{"level":"DEBUG","location":"[get_call:158] fyersModel","message":{"Status Code":200,"API":"/profile"},"timestamp":"2026-02-22 18:17:33,874+0530","service":"FyersAPIRequest"}
{"level":"DEBUG","location":"[get_call:158] fyersModel","message":{"Status Code":200,"API":"/funds"},"timestamp":"2026-02-22 18:17:34,012+0530","service":"FyersAPIRequest"}
{"level":"DEBUG","location":"[get_call:158] fyersModel","message":{"Status Code":200,"API":"/holdings"},"timestamp":"2026-02-22 18:17:34,075+0530","service":"FyersAPIRequest"}
{"level":"DEBUG","location":"[get_call:158] fyersModel","message":{"Status Code":200,"API":"/history"},"timestamp":"2026-02-22 18:35:43,274+0530","service":"FyersAPIRequest"}
{"level":"DEBUG","location":"[get_call:158] fyersModel","message":{"Status Code":200,"API":"/quotes"},"timestamp":"2026-02-22 18:35:43,338+0530","service":"FyersAPIRequest"}
{"level":"DEBUG","location":"[get_call:158] fyersModel","message":{"Status Code":200,"API":"/depth"},"timestamp":"2026-02-22 18:35:43,391+0530","service":"FyersAPIRequest"}
{"level":"DEBUG","location":"[get_call:158] fyersModel","message":{"Status Code":401,"API":"/history"},"timestamp":"2026-02-22 18:37:24,125+0530","service":"FyersAPIRequest"}
{"level":"DEBUG","location":"[get_call:158] fyersModel","message":{"Status Code":401,"API":"/quotes"},"timestamp":"2026-02-22 18:37:24,181+0530","service":"FyersAPIRequest"}
{"level":"DEBUG","location":"[get_call:158] fyersModel","message":{"Status Code":401,"API":"/depth"},"timestamp":"2026-02-22 18:37:24,230+0530","service":"FyersAPIRequest"}
{"level":"DEBUG","location":"[get_call:158] fyersModel","message":{"Status Code":200,"API":"/history"},"timestamp":"2026-02-22 18:40:10,718+0530","service":"FyersAPIRequest"}
{"level":"DEBUG","location":"[get_call:158] fyersModel","message":{"Status Code":200,"API":"/quotes"},"timestamp":"2026-02-22 18:40:10,856+0530","service":"FyersAPIRequest"}
{"level":"DEBUG","location":"[get_call:158] fyersModel","message":{"Status Code":200,"API":"/depth"},"timestamp":"2026-02-22 18:40:11,047+0530","service":"FyersAPIRequest"}
{"level":"DEBUG","location":"[get_call:158] fyersModel","message":{"Status Code":401,"API":"/history"},"timestamp":"2026-02-23 17:58:55,612+0530","service":"FyersAPIRequest"}
{"level":"DEBUG","location":"[get_call:158] fyersModel","message":{"Status Code":401,"API":"/quotes"},"timestamp":"2026-02-23 17:58:55,716+0530","service":"FyersAPIRequest"}
{"level":"DEBUG","location":"[get_call:158] fyersModel","message":{"Status Code":401,"API":"/depth"},"timestamp":"2026-02-23 17:58:55,815+0530","service":"FyersAPIRequest"}
{"level":"DEBUG","location":"[get_call:158] fyersModel","message":{"Status Code":200,"API":"/history"},"timestamp":"2026-03-06 22:54:22,436+0530","service":"FyersAPIRequest"}
{"level":"DEBUG","location":"[get_call:158] fyersModel","message":{"Status Code":200,"API":"/history"},"timestamp":"2026-03-06 22:57:34,164+0530","service":"FyersAPIRequest"}
{"level":"DEBUG","location":"[get_call:158] fyersModel","message":{"Status Code":200,"API":"/history"},"timestamp":"2026-03-06 22:59:14,893+0530","service":"FyersAPIRequest"}
{"level":"DEBUG","location":"[get_call:158] fyersModel","message":{"Status Code":422,"API":"/history"},"timestamp":"2026-03-06 23:02:39,307+0530","service":"FyersAPIRequest"}
{"level":"DEBUG","location":"[get_call:158] fyersModel","message":{"Status Code":422,"API":"/history"},"timestamp":"2026-03-06 23:03:57,990+0530","service":"FyersAPIRequest"}
{"level":"DEBUG","location":"[get_call:158] fyersModel","message":{"Status Code":422,"API":"/history"},"timestamp":"2026-03-06 23:04:05,978+0530","service":"FyersAPIRequest"}
{"level":"DEBUG","location":"[get_call:158] fyersModel","message":{"Status Code":422,"API":"/history"},"timestamp":"2026-03-06 23:04:15,606+0530","service":"FyersAPIRequest"}
{"level":"DEBUG","location":"[get_call:158] fyersModel","message":{"Status Code":200,"API":"/history"},"timestamp":"2026-03-06 23:04:24,618+0530","service":"FyersAPIRequest"}
{"level":"DEBUG","location":"[get_call:158] fyersModel","message":{"Status Code":422,"API":"/history"},"timestamp":"2026-03-06 23:04:33,337+0530","service":"FyersAPIRequest"}
{"level":"DEBUG","location":"[get_call:158] fyersModel","message":{"Status Code":422,"API":"/history"},"timestamp":"2026-03-06 23:04:42,441+0530","service":"FyersAPIRequest"}
{"level":"DEBUG","location":"[get_call:158] fyersModel","message":{"Status Code":200,"API":"/history"},"timestamp":"2026-03-06 23:04:49,812+0530","service":"FyersAPIRequest"}
{"level":"DEBUG","location":"[get_call:158] fyersModel","message":{"Status Code":200,"API":"/history"},"timestamp":"2026-03-06 23:04:58,210+0530","service":"FyersAPIRequest"}
{"level":"DEBUG","location":"[get_call:158] fyersModel","message":{"Status Code":200,"API":"/history"},"timestamp":"2026-03-06 23:05:04,972+0530","service":"FyersAPIRequest"}
{"level":"DEBUG","location":"[get_call:158] fyersModel","message":{"Status Code":422,"API":"/history"},"timestamp":"2026-03-06 23:05:13,089+0530","service":"FyersAPIRequest"}
{"level":"DEBUG","location":"[get_call:158] fyersModel","message":{"Status Code":422,"API":"/history"},"timestamp":"2026-03-06 23:05:19,101+0530","service":"FyersAPIRequest"}
{"level":"DEBUG","location":"[get_call:158] fyersModel","message":{"Status Code":200,"API":"/history"},"timestamp":"2026-03-06 23:05:25,042+0530","service":"FyersAPIRequest"}
{"level":"DEBUG","location":"[get_call:158] fyersModel","message":{"Status Code":422,"API":"/history"},"timestamp":"2026-03-06 23:05:34,690+0530","service":"FyersAPIRequest"}
{"level":"DEBUG","location":"[get_call:158] fyersModel","message":{"Status Code":200,"API":"/history"},"timestamp":"2026-03-06 23:07:53,946+0530","service":"FyersAPIRequest"}
{"level":"DEBUG","location":"[get_call:158] fyersModel","message":{"Status Code":200,"API":"/history"},"timestamp":"2026-03-06 23:10:33,479+0530","service":"FyersAPIRequest"}
{"level":"DEBUG","location":"[get_call:158] fyersModel","message":{"Status Code":422,"API":"/history"},"timestamp":"2026-03-06 23:14:24,486+0530","service":"FyersAPIRequest"}
{"level":"DEBUG","location":"[get_call:158] fyersModel","message":{"Status Code":200,"API":"/history"},"timestamp":"2026-03-06 23:14:30,627+0530","service":"FyersAPIRequest"}
{"level":"DEBUG","location":"[get_call:158] fyersModel","message":{"Status Code":200,"API":"/history"},"timestamp":"2026-03-06 23:15:16,706+0530","service":"FyersAPIRequest"}
{"level":"DEBUG","location":"[get_call:158] fyersModel","message":{"Status Code":200,"API":"/history"},"timestamp":"2026-03-06 23:17:59,729+0530","service":"FyersAPIRequest"}
